


ARM Macro Assembler    Page 1 


    1 00000000         ;EightBitHistogram_ASM.s
    2 00000000         ; Desenvolvido para a placa EK-TM4C1294XL
    3 00000000         
    4 00000000         ; ------------------------------------------------------
                       -------------------------
    5 00000000                 THUMB                        ; Instruções do tip
                                                            o Thumb-2
    6 00000000         ; ------------------------------------------------------
                       -------------------------
    7 00000000         
    8 00000000         ; ------------------------------------------------------
                       -------------------------
    9 00000000                 PRESERVE8
   10 00000000                 AREA             |.text|, CODE, READONLY, ALIGN 
= 2
   11 00000000                 EXPORT           EightBitHistogram_ASM
   12 00000000         ; ------------------------------------------------------
                       -------------------------
   13 00000000         EightBitHistogram_ASM
   14 00000000 FB00 F401       MUL              R4, R0, R1  ; R4 = width * heig
                                                            ht
   15 00000004 F64F 75FF       MOV              R5, #65535
   16 00000008 42AC            CMP              R4, R5
   17 0000000A BF28 2000       MOVHS            R0, #0
   18 0000000E D219            BHS              EightBitHistogram_ASM_end
   19 00000010         
   20 00000010         ; Initialize p_histogram to zero for 256 entries (16-bit
                        each)
   21 00000010 F04F 0600       MOV              R6, #0
   22 00000014 461F            MOV              R7, R3
   23 00000016 F507 7500       ADD              R5, R7, #512
   24 0000001A         p_histogram_initialization
   25 0000001A F827 6B02       STRH             R6, [R7], #2 ; Store zero in ea
                                                            ch 16-bit entry, in
                                                            crement address by 
                                                            2
   26 0000001E 42BD            CMP              R5, R7
   27 00000020 D1FB            BNE              p_histogram_initialization
   28 00000022         
   29 00000022         ; Fill the histogram based on p_image values
   30 00000022 F04F 0902       MOV              R9, #2      ; Multiplier for 16
                                                            -bit addressing
   31 00000026 EB02 0704       ADD              R7, R2, R4  ; R7 = p_image + im
                                                            age_size (end of im
                                                            age data)
   32 0000002A         p_histogram_completion
   33 0000002A F812 8B01       LDRB             R8, [R2], #1 ; Load 8-bit pixel
                                                             value from p_image
                                                             and increment p_im
                                                            age pointer
   34 0000002E FB08 F809       MUL              R8, R8, R9  ; Calculate offset 
                                                            in p_histogram (R8 
                                                            * 2)
   35 00000032 EB03 0508       ADD              R5, R3, R8
   36 00000036 882E            LDRH             R6, [R5]
   37 00000038 F106 0601       ADD              R6, R6, #1
   38 0000003C 802E            STRH             R6, [R5]
   39 0000003E 4297            CMP              R7, R2
   40 00000040 D1F3            BNE              p_histogram_completion



ARM Macro Assembler    Page 2 


   41 00000042         
   42 00000042 4620            MOV              R0, R4
   43 00000044         
   44 00000044         EightBitHistogram_ASM_end
   45 00000044 4770            BX               LR
   46 00000046         
   47 00000046 00 00           ALIGN
   48 00000048                 END
Command Line: --debug --xref --diag_suppress=9931 --cpu=Cortex-M4.fp.sp --apcs=
interwork --depend=.\objects\eightbithistogram_asm.d -o.\objects\eightbithistog
ram_asm.o -I.\RTE\_EK-TM4C1294XL -IC:\Users\jhcsoares\AppData\Local\Arm\Packs\A
RM\CMSIS\6.0.0\CMSIS\Core\Include -IC:\Users\jhcsoares\AppData\Local\Arm\Packs\
Keil\TM4C_DFP\1.1.0\Device\Include\TM4C129 --predefine="__EVAL SETA 1" --predef
ine="__UVISION_VERSION SETA 539" --predefine="_RTE_ SETA 1" --predefine="TM4C12
94NCPDT SETA 1" --predefine="_RTE_ SETA 1" --list=.\listings\eightbithistogram_
asm.lst EightBitHistogram_ASM.s



ARM Macro Assembler    Page 1 Alphabetic symbol ordering
Relocatable symbols

.text 00000000

Symbol: .text
   Definitions
      At line 10 in file EightBitHistogram_ASM.s
   Uses
      None
Comment: .text unused
EightBitHistogram_ASM 00000000

Symbol: EightBitHistogram_ASM
   Definitions
      At line 13 in file EightBitHistogram_ASM.s
   Uses
      At line 11 in file EightBitHistogram_ASM.s
Comment: EightBitHistogram_ASM used once
EightBitHistogram_ASM_end 00000044

Symbol: EightBitHistogram_ASM_end
   Definitions
      At line 44 in file EightBitHistogram_ASM.s
   Uses
      At line 18 in file EightBitHistogram_ASM.s
Comment: EightBitHistogram_ASM_end used once
p_histogram_completion 0000002A

Symbol: p_histogram_completion
   Definitions
      At line 32 in file EightBitHistogram_ASM.s
   Uses
      At line 40 in file EightBitHistogram_ASM.s
Comment: p_histogram_completion used once
p_histogram_initialization 0000001A

Symbol: p_histogram_initialization
   Definitions
      At line 24 in file EightBitHistogram_ASM.s
   Uses
      At line 27 in file EightBitHistogram_ASM.s
Comment: p_histogram_initialization used once
5 symbols
340 symbols in table
